[2022-07-15 09:00:43] [info] Note: Provided game data path 'E:\Roms\PS2\Jak 1.iso' points to a file, not a directory. Assuming it's an ISO file and attempting to extract!
[2022-07-15 09:00:44] [info] Extracting SYSTEM.CNF...
[2022-07-15 09:00:44] [info] Extracting SCUS_971.24...
[2022-07-15 09:00:44] [info] Extracting DISK_ID.DIZ...
[2022-07-15 09:00:44] [info] Extracting 989SND.IRX...
[2022-07-15 09:00:44] [info] Extracting IOPRP221.IMG...
[2022-07-15 09:00:44] [info] Extracting LIBSD.IRX...
[2022-07-15 09:00:44] [info] Extracting MCMAN.IRX...
[2022-07-15 09:00:44] [info] Extracting MCSERV.IRX...
[2022-07-15 09:00:44] [info] Extracting OVERLORD.IRX...
[2022-07-15 09:00:44] [info] Extracting PADMAN.IRX...
[2022-07-15 09:00:44] [info] Extracting SAVEGAME.ICO...
[2022-07-15 09:00:44] [info] Extracting SCREEN1.EUR...
[2022-07-15 09:00:44] [info] Extracting SCREEN1.FRE...
[2022-07-15 09:00:44] [info] Extracting SCREEN1.GER...
[2022-07-15 09:00:44] [info] Extracting SCREEN1.ITA...
[2022-07-15 09:00:44] [info] Extracting SCREEN1.JAP...
[2022-07-15 09:00:44] [info] Extracting SCREEN1.SPA...
[2022-07-15 09:00:44] [info] Extracting SCREEN1.USA...
[2022-07-15 09:00:44] [info] Extracting SIO2MAN.IRX...
[2022-07-15 09:00:44] [info] Extracting 0COMMON.TXT...
[2022-07-15 09:00:44] [info] Extracting 1COMMON.TXT...
[2022-07-15 09:00:44] [info] Extracting 2COMMON.TXT...
[2022-07-15 09:00:44] [info] Extracting 3COMMON.TXT...
[2022-07-15 09:00:44] [info] Extracting 4COMMON.TXT...
[2022-07-15 09:00:44] [info] Extracting 5COMMON.TXT...
[2022-07-15 09:00:44] [info] Extracting 6COMMON.TXT...
[2022-07-15 09:00:44] [info] Extracting ART.CGO...
[2022-07-15 09:00:44] [info] Extracting COMMON.CGO...
[2022-07-15 09:00:44] [info] Extracting ENGINE.CGO...
[2022-07-15 09:00:44] [info] Extracting GAME.CGO...
[2022-07-15 09:00:44] [info] Extracting JUNGLE.CGO...
[2022-07-15 09:00:44] [info] Extracting KERNEL.CGO...
[2022-07-15 09:00:44] [info] Extracting L1.CGO...
[2022-07-15 09:00:44] [info] Extracting MAINCAVE.CGO...
[2022-07-15 09:00:44] [info] Extracting RACERP.CGO...
[2022-07-15 09:00:44] [info] Extracting SUNKEN.CGO...
[2022-07-15 09:00:44] [info] Extracting VILLAGEP.CGO...
[2022-07-15 09:00:44] [info] Extracting WATER-AN.CGO...
[2022-07-15 09:00:44] [info] Extracting BEA.DGO...
[2022-07-15 09:00:44] [info] Extracting CIT.DGO...
[2022-07-15 09:00:44] [info] Extracting DAR.DGO...
[2022-07-15 09:00:44] [info] Extracting DEM.DGO...
[2022-07-15 09:00:44] [info] Extracting FIC.DGO...
[2022-07-15 09:00:44] [info] Extracting FIN.DGO...
[2022-07-15 09:00:44] [info] Extracting INT.DGO...
[2022-07-15 09:00:44] [info] Extracting JUB.DGO...
[2022-07-15 09:00:44] [info] Extracting JUN.DGO...
[2022-07-15 09:00:44] [info] Extracting LAV.DGO...
[2022-07-15 09:00:44] [info] Extracting MAI.DGO...
[2022-07-15 09:00:44] [info] Extracting MIS.DGO...
[2022-07-15 09:00:44] [info] Extracting OGR.DGO...
[2022-07-15 09:00:44] [info] Extracting ROB.DGO...
[2022-07-15 09:00:44] [info] Extracting ROL.DGO...
[2022-07-15 09:00:44] [info] Extracting SNO.DGO...
[2022-07-15 09:00:45] [info] Extracting SUB.DGO...
[2022-07-15 09:00:45] [info] Extracting SUN.DGO...
[2022-07-15 09:00:45] [info] Extracting SWA.DGO...
[2022-07-15 09:00:45] [info] Extracting TIT.DGO...
[2022-07-15 09:00:45] [info] Extracting TRA.DGO...
[2022-07-15 09:00:45] [info] Extracting VI1.DGO...
[2022-07-15 09:00:45] [info] Extracting VI2.DGO...
[2022-07-15 09:00:45] [info] Extracting VI3.DGO...
[2022-07-15 09:00:45] [info] Extracting BEA.VIS...
[2022-07-15 09:00:45] [info] Extracting CIT.VIS...
[2022-07-15 09:00:45] [info] Extracting DAR.VIS...
[2022-07-15 09:00:45] [info] Extracting DEM.VIS...
[2022-07-15 09:00:45] [info] Extracting FIC.VIS...
[2022-07-15 09:00:45] [info] Extracting FIN.VIS...
[2022-07-15 09:00:45] [info] Extracting INT.VIS...
[2022-07-15 09:00:45] [info] Extracting JUB.VIS...
[2022-07-15 09:00:45] [info] Extracting JUN.VIS...
[2022-07-15 09:00:45] [info] Extracting LAV.VIS...
[2022-07-15 09:00:45] [info] Extracting MAI.VIS...
[2022-07-15 09:00:45] [info] Extracting MIS.VIS...
[2022-07-15 09:00:45] [info] Extracting OGR.VIS...
[2022-07-15 09:00:45] [info] Extracting ROB.VIS...
[2022-07-15 09:00:45] [info] Extracting ROL.VIS...
[2022-07-15 09:00:45] [info] Extracting SNO.VIS...
[2022-07-15 09:00:45] [info] Extracting SUB.VIS...
[2022-07-15 09:00:45] [info] Extracting SUN.VIS...
[2022-07-15 09:00:45] [info] Extracting SWA.VIS...
[2022-07-15 09:00:45] [info] Extracting TIT.VIS...
[2022-07-15 09:00:45] [info] Extracting TRA.VIS...
[2022-07-15 09:00:45] [info] Extracting VI1.VIS...
[2022-07-15 09:00:45] [info] Extracting VI2.VIS...
[2022-07-15 09:00:45] [info] Extracting VI3.VIS...
[2022-07-15 09:00:45] [info] Extracting BEACH.SBK...
[2022-07-15 09:00:45] [info] Extracting CITADEL.SBK...
[2022-07-15 09:00:45] [info] Extracting COMMON.SBK...
[2022-07-15 09:00:45] [info] Extracting DARKCAVE.SBK...
[2022-07-15 09:00:45] [info] Extracting EMPTY1.SBK...
[2022-07-15 09:00:45] [info] Extracting EMPTY2.SBK...
[2022-07-15 09:00:45] [info] Extracting FINALBOS.SBK...
[2022-07-15 09:00:45] [info] Extracting FIRECANY.SBK...
[2022-07-15 09:00:45] [info] Extracting JUNGLE.SBK...
[2022-07-15 09:00:45] [info] Extracting JUNGLEB.SBK...
[2022-07-15 09:00:45] [info] Extracting LAVATUBE.SBK...
[2022-07-15 09:00:45] [info] Extracting MAINCAVE.SBK...
[2022-07-15 09:00:45] [info] Extracting MISTY.SBK...
[2022-07-15 09:00:45] [info] Extracting OGRE.SBK...
[2022-07-15 09:00:45] [info] Extracting ROBOCAVE.SBK...
[2022-07-15 09:00:45] [info] Extracting ROLLING.SBK...
[2022-07-15 09:00:45] [info] Extracting SNOW.SBK...
[2022-07-15 09:00:45] [info] Extracting SUNKEN.SBK...
[2022-07-15 09:00:45] [info] Extracting SWAMP.SBK...
[2022-07-15 09:00:45] [info] Extracting TESTTONE.SBK...
[2022-07-15 09:00:45] [info] Extracting TRAINING.SBK...
[2022-07-15 09:00:45] [info] Extracting VILLAGE1.SBK...
[2022-07-15 09:00:45] [info] Extracting VILLAGE2.SBK...
[2022-07-15 09:00:45] [info] Extracting VILLAGE3.SBK...
[2022-07-15 09:00:45] [info] Extracting BEACH.MUS...
[2022-07-15 09:00:45] [info] Extracting CITADEL.MUS...
[2022-07-15 09:00:45] [info] Extracting CREDITS.MUS...
[2022-07-15 09:00:45] [info] Extracting DANGER.MUS...
[2022-07-15 09:00:45] [info] Extracting FINALBOS.MUS...
[2022-07-15 09:00:45] [info] Extracting FIRECANY.MUS...
[2022-07-15 09:00:45] [info] Extracting FISHGAME.MUS...
[2022-07-15 09:00:45] [info] Extracting JUNGLE.MUS...
[2022-07-15 09:00:45] [info] Extracting JUNGLEB.MUS...
[2022-07-15 09:00:45] [info] Extracting LAVATUBE.MUS...
[2022-07-15 09:00:45] [info] Extracting MAINCAVE.MUS...
[2022-07-15 09:00:45] [info] Extracting MISTY.MUS...
[2022-07-15 09:00:45] [info] Extracting OGRE.MUS...
[2022-07-15 09:00:45] [info] Extracting OGREBOSS.MUS...
[2022-07-15 09:00:45] [info] Extracting ROLLING.MUS...
[2022-07-15 09:00:45] [info] Extracting SNOW.MUS...
[2022-07-15 09:00:45] [info] Extracting SUNKEN.MUS...
[2022-07-15 09:00:45] [info] Extracting SWAMP.MUS...
[2022-07-15 09:00:45] [info] Extracting TWEAKVAL.MUS...
[2022-07-15 09:00:45] [info] Extracting VILLAGE1.MUS...
[2022-07-15 09:00:45] [info] Extracting VILLAGE2.MUS...
[2022-07-15 09:00:45] [info] Extracting VILLAGE3.MUS...
[2022-07-15 09:00:45] [info] Extracting AS2IFLUT.STR...
[2022-07-15 09:00:45] [info] Extracting AS2INTRO.STR...
[2022-07-15 09:00:45] [info] Extracting AS2IROBB.STR...
[2022-07-15 09:00:45] [info] Extracting AS2IROOM.STR...
[2022-07-15 09:00:45] [info] Extracting AS2R1FLU.STR...
[2022-07-15 09:00:45] [info] Extracting AS2R1ROB.STR...
[2022-07-15 09:00:45] [info] Extracting AS2R1ROO.STR...
[2022-07-15 09:00:45] [info] Extracting AS2RESOL.STR...
[2022-07-15 09:00:45] [info] Extracting AS3REMIN.STR...
[2022-07-15 09:00:45] [info] Extracting ASFRESOL.STR...
[2022-07-15 09:00:45] [info] Extracting ASIBESWI.STR...
[2022-07-15 09:00:45] [info] Extracting ASIRBIKE.STR...
[2022-07-15 09:00:45] [info] Extracting ASLERESO.STR...
[2022-07-15 09:00:45] [info] Extracting ASLSRESO.STR...
[2022-07-15 09:00:45] [info] Extracting ASR1BESW.STR...
[2022-07-15 09:00:45] [info] Extracting ASR1GENE.STR...
[2022-07-15 09:00:45] [info] Extracting ASR1RBIK.STR...
[2022-07-15 09:00:45] [info] Extracting BAFCELL.STR...
[2022-07-15 09:00:45] [info] Extracting BECANNON.STR...
[2022-07-15 09:00:45] [info] Extracting BIACCEPT.STR...
[2022-07-15 09:00:45] [info] Extracting BIADVENT.STR...
[2022-07-15 09:00:45] [info] Extracting BIINTROD.STR...
[2022-07-15 09:00:45] [info] Extracting BILBRESO.STR...
[2022-07-15 09:00:45] [info] Extracting BILINTRO.STR...
[2022-07-15 09:00:45] [info] Extracting BILR1.STR...
[2022-07-15 09:00:45] [info] Extracting BILR2.STR...
[2022-07-15 09:00:45] [info] Extracting BIR1.STR...
[2022-07-15 09:00:45] [info] Extracting BIREJECT.STR...
[2022-07-15 09:00:45] [info] Extracting BIRESOLU.STR...
[2022-07-15 09:00:45] [info] Extracting BLRESOLU.STR...
[2022-07-15 09:00:45] [info] Extracting DE0181.STR...
[2022-07-15 09:00:45] [info] Extracting DE0182.STR...
[2022-07-15 09:00:45] [info] Extracting DE0184.STR...
[2022-07-15 09:00:45] [info] Extracting DE0186.STR...
[2022-07-15 09:00:45] [info] Extracting DE0187.STR...
[2022-07-15 09:00:45] [info] Extracting DE0191.STR...
[2022-07-15 09:00:45] [info] Extracting DE0193.STR...
[2022-07-15 09:00:45] [info] Extracting DE0195.STR...
[2022-07-15 09:00:45] [info] Extracting DE0197.STR...
[2022-07-15 09:00:45] [info] Extracting DE0199.STR...
[2022-07-15 09:00:45] [info] Extracting DE0202.STR...
[2022-07-15 09:00:45] [info] Extracting EIA1.STR...
[2022-07-15 09:00:45] [info] Extracting EIA2.STR...
[2022-07-15 09:00:45] [info] Extracting EIA3.STR...
[2022-07-15 09:00:45] [info] Extracting EIA4.STR...
[2022-07-15 09:00:45] [info] Extracting EIFISH.STR...
[2022-07-15 09:00:45] [info] Extracting EIFLUT.STR...
[2022-07-15 09:00:45] [info] Extracting EIICE.STR...
[2022-07-15 09:00:45] [info] Extracting EIPOLE.STR...
[2022-07-15 09:00:45] [info] Extracting EIRACER.STR...
[2022-07-15 09:00:45] [info] Extracting EITUBE.STR...
[2022-07-15 09:00:45] [info] Extracting EVMEND.STR...
[2022-07-15 09:00:45] [info] Extracting EXINTROD.STR...
[2022-07-15 09:00:45] [info] Extracting EXR1.STR...
[2022-07-15 09:00:45] [info] Extracting EXR2.STR...
[2022-07-15 09:00:45] [info] Extracting EXRESOLU.STR...
[2022-07-15 09:00:45] [info] Extracting FAINTROD.STR...
[2022-07-15 09:00:45] [info] Extracting FAR1.STR...
[2022-07-15 09:00:45] [info] Extracting FAR2.STR...
[2022-07-15 09:00:45] [info] Extracting FARESOLU.STR...
[2022-07-15 09:00:45] [info] Extracting FIACCEPT.STR...
[2022-07-15 09:00:45] [info] Extracting FIBRT1AL.STR...
[2022-07-15 09:00:45] [info] Extracting FIBRTMIS.STR...
[2022-07-15 09:00:45] [info] Extracting FIBRTVIL.STR...
[2022-07-15 09:00:45] [info] Extracting FIINTROD.STR...
[2022-07-15 09:00:45] [info] Extracting FIR1.STR...
[2022-07-15 09:00:45] [info] Extracting FIREJECT.STR...
[2022-07-15 09:00:45] [info] Extracting FIRESOLU.STR...
[2022-07-15 09:00:45] [info] Extracting FIWECO.STR...
[2022-07-15 09:00:45] [info] Extracting FLLINTRO.STR...
[2022-07-15 09:00:45] [info] Extracting FUCFV1.STR...
[2022-07-15 09:00:45] [info] Extracting FUCRV1.STR...
[2022-07-15 09:00:45] [info] Extracting FUCV2.STR...
[2022-07-15 09:00:45] [info] Extracting FUCV3.STR...
[2022-07-15 09:00:45] [info] Extracting FUCV4.STR...
[2022-07-15 09:00:45] [info] Extracting FUCV5.STR...
[2022-07-15 09:00:45] [info] Extracting FUCV6.STR...
[2022-07-15 09:00:45] [info] Extracting FUCV7.STR...
[2022-07-15 09:00:45] [info] Extracting FUCV8.STR...
[2022-07-15 09:00:45] [info] Extracting FUCVICTO.STR...
[2022-07-15 09:00:45] [info] Extracting GAI1.STR...
[2022-07-15 09:00:45] [info] Extracting GARMONEY.STR...
[2022-07-15 09:00:45] [info] Extracting GARRACE.STR...
[2022-07-15 09:00:45] [info] Extracting GAZMONEY.STR...
[2022-07-15 09:00:45] [info] Extracting GAZRACE.STR...
[2022-07-15 09:00:45] [info] Extracting GEINTROD.STR...
[2022-07-15 09:00:45] [info] Extracting GERMOLES.STR...
[2022-07-15 09:00:45] [info] Extracting GERMONEY.STR...
[2022-07-15 09:00:45] [info] Extracting GEZMOLES.STR...
[2022-07-15 09:00:45] [info] Extracting GEZMONEY.STR...
[2022-07-15 09:00:45] [info] Extracting GNFCELL.STR...
[2022-07-15 09:00:45] [info] Extracting GORDOWN.STR...
[2022-07-15 09:00:45] [info] Extracting GORUP.STR...
[2022-07-15 09:00:45] [info] Extracting GRSDSACR.STR...
[2022-07-15 09:00:45] [info] Extracting GRSINTRO.STR...
[2022-07-15 09:00:45] [info] Extracting GRSOBBA.STR...
[2022-07-15 09:00:45] [info] Extracting GRSOBBB.STR...
[2022-07-15 09:00:45] [info] Extracting GRSOBBEC.STR...
[2022-07-15 09:00:46] [info] Extracting GRSOBBNC.STR...
[2022-07-15 09:00:46] [info] Extracting GRSOBFIN.STR...
[2022-07-15 09:00:46] [info] Extracting GRSOPREB.STR...
[2022-07-15 09:00:46] [info] Extracting GRSRESOL.STR...
[2022-07-15 09:00:46] [info] Extracting HAPOPEN.STR...
[2022-07-15 09:00:46] [info] Extracting LOI2.STR...
[2022-07-15 09:00:46] [info] Extracting LOINTRO.STR...
[2022-07-15 09:00:46] [info] Extracting LOLOOP.STR...
[2022-07-15 09:00:46] [info] Extracting LRFALLIN.STR...
[2022-07-15 09:00:46] [info] Extracting MAGFCELL.STR...
[2022-07-15 09:00:46] [info] Extracting MAINTROD.STR...
[2022-07-15 09:00:46] [info] Extracting MARBEAMS.STR...
[2022-07-15 09:00:46] [info] Extracting MARDONAT.STR...
[2022-07-15 09:00:46] [info] Extracting MAZBEAMS.STR...
[2022-07-15 09:00:46] [info] Extracting MAZDONAT.STR...
[2022-07-15 09:00:46] [info] Extracting MICANNON.STR...
[2022-07-15 09:00:46] [info] Extracting MIIGNAWE.STR...
[2022-07-15 09:00:46] [info] Extracting MIIORBS.STR...
[2022-07-15 09:00:46] [info] Extracting MIISWITC.STR...
[2022-07-15 09:00:46] [info] Extracting MIR1GNAW.STR...
[2022-07-15 09:00:46] [info] Extracting MIR1ORBS.STR...
[2022-07-15 09:00:46] [info] Extracting MIR1SWIT.STR...
[2022-07-15 09:00:46] [info] Extracting MIR2ORBS.STR...
[2022-07-15 09:00:46] [info] Extracting MIZ1ORBS.STR...
[2022-07-15 09:00:46] [info] Extracting MIZ2ORBS.STR...
[2022-07-15 09:00:46] [info] Extracting MUVICTOR.STR...
[2022-07-15 09:00:46] [info] Extracting NDINTRO.STR...
[2022-07-15 09:00:46] [info] Extracting ORI1.STR...
[2022-07-15 09:00:46] [info] Extracting ORI2.STR...
[2022-07-15 09:00:46] [info] Extracting ORI3.STR...
[2022-07-15 09:00:46] [info] Extracting ORLE1.STR...
[2022-07-15 09:00:46] [info] Extracting ORLE2.STR...
[2022-07-15 09:00:46] [info] Extracting ORLE3.STR...
[2022-07-15 09:00:46] [info] Extracting ORLEYE.STR...
[2022-07-15 09:00:46] [info] Extracting ORR1.STR...
[2022-07-15 09:00:46] [info] Extracting ORR2.STR...
[2022-07-15 09:00:46] [info] Extracting ORR3.STR...
[2022-07-15 09:00:46] [info] Extracting ORRE1.STR...
[2022-07-15 09:00:46] [info] Extracting ORRE2.STR...
[2022-07-15 09:00:46] [info] Extracting ORRE3.STR...
[2022-07-15 09:00:46] [info] Extracting ORREYE.STR...
[2022-07-15 09:00:46] [info] Extracting PESEXT.STR...
[2022-07-15 09:00:46] [info] Extracting PLBMAIN.STR...
[2022-07-15 09:00:46] [info] Extracting PLLBLOWU.STR...
[2022-07-15 09:00:46] [info] Extracting RARA2.STR...
[2022-07-15 09:00:46] [info] Extracting RARANIM.STR...
[2022-07-15 09:00:46] [info] Extracting RARASECO.STR...
[2022-07-15 09:00:46] [info] Extracting RARSANIM.STR...
[2022-07-15 09:00:46] [info] Extracting RERESOLU.STR...
[2022-07-15 09:00:46] [info] Extracting SA3IDECO.STR...
[2022-07-15 09:00:46] [info] Extracting SA3INTRO.STR...
[2022-07-15 09:00:46] [info] Extracting SA3IRAMS.STR...
[2022-07-15 09:00:46] [info] Extracting SA3R1DEC.STR...
[2022-07-15 09:00:46] [info] Extracting SA3R1RAM.STR...
[2022-07-15 09:00:46] [info] Extracting SABICDUS.STR...
[2022-07-15 09:00:46] [info] Extracting SABIPARM.STR...
[2022-07-15 09:00:46] [info] Extracting SABR1CDU.STR...
[2022-07-15 09:00:46] [info] Extracting SABR1PAR.STR...
[2022-07-15 09:00:46] [info] Extracting SAIECORO.STR...
[2022-07-15 09:00:46] [info] Extracting SAIMCANN.STR...
[2022-07-15 09:00:46] [info] Extracting SAISA.STR...
[2022-07-15 09:00:46] [info] Extracting SAISD1.STR...
[2022-07-15 09:00:46] [info] Extracting SAISD2.STR...
[2022-07-15 09:00:46] [info] Extracting SAISE.STR...
[2022-07-15 09:00:46] [info] Extracting SAR1ECOR.STR...
[2022-07-15 09:00:46] [info] Extracting SAR1GENE.STR...
[2022-07-15 09:00:46] [info] Extracting SAR1MCAN.STR...
[2022-07-15 09:00:46] [info] Extracting SAR2GENE.STR...
[2022-07-15 09:00:46] [info] Extracting SCINTROD.STR...
[2022-07-15 09:00:46] [info] Extracting SCR1.STR...
[2022-07-15 09:00:46] [info] Extracting SCRESOLU.STR...
[2022-07-15 09:00:46] [info] Extracting SIHISA.STR...
[2022-07-15 09:00:46] [info] Extracting SIHISB.STR...
[2022-07-15 09:00:46] [info] Extracting SIHISC.STR...
[2022-07-15 09:00:46] [info] Extracting SIHITEST.STR...
[2022-07-15 09:00:46] [info] Extracting SNRBICFC.STR...
[2022-07-15 09:00:46] [info] Extracting SNRBIPFC.STR...
[2022-07-15 09:00:46] [info] Extracting SNRBSBFC.STR...
[2022-07-15 09:00:46] [info] Extracting SW1.STR...
[2022-07-15 09:00:46] [info] Extracting SW2.STR...
[2022-07-15 09:00:46] [info] Extracting SW3.STR...
[2022-07-15 09:00:46] [info] Extracting SW4.STR...
[2022-07-15 09:00:46] [info] Extracting SWTE1.STR...
[2022-07-15 09:00:46] [info] Extracting SWTE2.STR...
[2022-07-15 09:00:46] [info] Extracting SWTE3.STR...
[2022-07-15 09:00:46] [info] Extracting SWTE4.STR...
[2022-07-15 09:00:46] [info] Extracting SWTEF1.STR...
[2022-07-15 09:00:46] [info] Extracting SWTEF2.STR...
[2022-07-15 09:00:46] [info] Extracting SWTEF3.STR...
[2022-07-15 09:00:46] [info] Extracting SWTEF4.STR...
[2022-07-15 09:00:46] [info] Extracting SWTS1.STR...
[2022-07-15 09:00:46] [info] Extracting SWTS2.STR...
[2022-07-15 09:00:46] [info] Extracting SWTS3.STR...
[2022-07-15 09:00:46] [info] Extracting SWTS4.STR...
[2022-07-15 09:00:46] [info] Extracting V1IN.STR...
[2022-07-15 09:00:46] [info] Extracting WAINTROD.STR...
[2022-07-15 09:00:46] [info] Extracting WAR1.STR...
[2022-07-15 09:00:46] [info] Extracting WARESOLU.STR...
[2022-07-15 09:00:46] [info] Extracting YERESOLU.STR...
[2022-07-15 09:00:46] [info] Extracting VAGDIR.AYB...
[2022-07-15 09:00:46] [info] Extracting VAGWAD.ENG...
[2022-07-15 09:00:47] [info] Extracting VAGWAD.FRE...
[2022-07-15 09:00:49] [info] Extracting VAGWAD.GER...
[2022-07-15 09:00:50] [info] Extracting VAGWAD.ITA...
[2022-07-15 09:00:51] [info] Extracting VAGWAD.JAP...
[2022-07-15 09:00:53] [info] Extracting VAGWAD.SPA...
[2022-07-15 09:00:54] [info] Extracting Z6TAIL.DUP...
[2022-07-15 09:00:54] [info] Detected Game Metadata:
[2022-07-15 09:00:54] [info] 	Detected - Jak & Daxter™: The Precursor Legacy (Black Label)
[2022-07-15 09:00:54] [info] 	Region - NTSC-U
[2022-07-15 09:00:54] [info] 	Serial - SCUS-97124
[2022-07-15 09:00:54] [info] 	Uses Decompiler Config - jak1_ntsc_black_label
[2022-07-15 09:00:56] [info] -Loading types...
[2022-07-15 09:00:56] [info] -Loading obj name map file...
[2022-07-15 09:00:56] [info] -Loading 25 DGOs...
[2022-07-15 09:00:56] [info] -Loading 7 plain object files...
[2022-07-15 09:00:56] [info] -Loading 0 streaming object files...
[2022-07-15 09:00:56] [info] ObjectFileDB Initialized

[2022-07-15 09:00:57] [info] Processing Link Data...
[2022-07-15 09:00:58] [info] Processed Link Data
[2022-07-15 09:00:58] [info]  Total 1006.59 ms

[2022-07-15 09:00:58] [info] Finding code in object files...
[2022-07-15 09:00:58] [info] Found code:
[2022-07-15 09:00:58] [info]  Code 3.441 MB
[2022-07-15 09:00:58] [info]  Data 199.967 MB
[2022-07-15 09:00:58] [info]  Functions: 9971
[2022-07-15 09:00:58] [info]  fp uses resolved: 33155 / 33155 (100.000 %)
[2022-07-15 09:00:58] [info]  Decoded 902158 / 902158 (100.000 %)
[2022-07-15 09:00:58] [info]  Total 350.470 ms

[2022-07-15 09:00:58] [info] Processing Labels...
[2022-07-15 09:00:58] [info] Processed Labels:
[2022-07-15 09:00:58] [info]  Total 692513 labels
[2022-07-15 09:00:58] [info]  Total 41.41 ms

[2022-07-15 09:00:58] [info] - Finding game text...
[2022-07-15 09:00:58] [info] Processed 7 text files (4403 strings, 99438 characters) in 28.06 ms
[2022-07-15 09:00:58] [info] - Finding textures in tpages...
[2022-07-15 09:01:00] [info] Processed 4002 / 4002 textures (28744304 px) 100.00% in 2027.15 ms
[2022-07-15 09:01:00] [info] - Finding game count file...
